c:\users\csorano\documents\repos\partieopengl\partieopengl\debug\graph.obj
c:\users\csorano\documents\repos\partieopengl\partieopengl\debug\main.obj
c:\users\csorano\documents\repos\partieopengl\partieopengl\debug\vc100.pdb
c:\users\csorano\documents\repos\partieopengl\debug\partieopengl.ilk
c:\users\csorano\documents\repos\partieopengl\debug\partieopengl.exe
c:\users\csorano\documents\repos\partieopengl\partieopengl\debug\partieopengl.exe.intermediate.manifest
c:\users\csorano\documents\repos\partieopengl\debug\partieopengl.pdb
c:\users\csorano\documents\repos\partieopengl\partieopengl\debug\partieopengl.exe.embed.manifest
c:\users\csorano\documents\repos\partieopengl\partieopengl\debug\partieopengl.exe.embed.manifest.res
c:\users\csorano\documents\repos\partieopengl\partieopengl\debug\cl.command.1.tlog
c:\users\csorano\documents\repos\partieopengl\partieopengl\debug\cl.read.1.tlog
c:\users\csorano\documents\repos\partieopengl\partieopengl\debug\cl.write.1.tlog
c:\users\csorano\documents\repos\partieopengl\partieopengl\debug\link-cvtres.read.1.tlog
c:\users\csorano\documents\repos\partieopengl\partieopengl\debug\link-cvtres.write.1.tlog
c:\users\csorano\documents\repos\partieopengl\partieopengl\debug\link.5548-cvtres.read.1.tlog
c:\users\csorano\documents\repos\partieopengl\partieopengl\debug\link.5548-cvtres.write.1.tlog
c:\users\csorano\documents\repos\partieopengl\partieopengl\debug\link.5548.read.1.tlog
c:\users\csorano\documents\repos\partieopengl\partieopengl\debug\link.5548.write.1.tlog
c:\users\csorano\documents\repos\partieopengl\partieopengl\debug\link.command.1.tlog
c:\users\csorano\documents\repos\partieopengl\partieopengl\debug\link.read.1.tlog
c:\users\csorano\documents\repos\partieopengl\partieopengl\debug\link.write.1.tlog
c:\users\csorano\documents\repos\partieopengl\partieopengl\debug\mt.command.1.tlog
c:\users\csorano\documents\repos\partieopengl\partieopengl\debug\mt.read.1.tlog
c:\users\csorano\documents\repos\partieopengl\partieopengl\debug\mt.write.1.tlog
c:\users\csorano\documents\repos\partieopengl\partieopengl\debug\partieopengl.write.1.tlog
c:\users\csorano\documents\repos\partieopengl\partieopengl\debug\rc.command.1.tlog
c:\users\csorano\documents\repos\partieopengl\partieopengl\debug\rc.read.1.tlog
c:\users\csorano\documents\repos\partieopengl\partieopengl\debug\rc.write.1.tlog
c:\users\csorano\documents\repos\partieopengl\partieopengl\debug\vc100.idb
c:\users\csorano\documents\repos\partieopengl\partieopengl\debug\partieopengl_manifest.rc
