La génération a démarré 19/10/2016 08:58:36.
     1>Projet "C:\Users\csorano\Documents\Repos\PartieOpenGL\PartieOpenGL\PartieOpenGL.vcxproj" sur le nœud 2 (Rebuild cible(s)).
     1>ClCompile:
         C:\Program Files (x86)\Microsoft Visual Studio 12.0\VC\bin\CL.exe /c /ZI /nologo /W3 /WX- /Od /Oy- /D WIN32 /D _DEBUG /D _CONSOLE /D _UNICODE /D UNICODE /Gm /EHsc /RTC1 /MDd /GS /fp:precise /Zc:wchar_t /Zc:forScope /Fo"Debug\\" /Fd"Debug\vc120.pdb" /Gd /TP /analyze- /errorReport:prompt Graph.cpp main.cpp
         main.cpp
     1>c:\users\csorano\documents\repos\partieopengl\partieopengl\main.cpp(27): warning C4244: '=' : conversion de 'int' en 'float', perte possible de données
     1>c:\users\csorano\documents\repos\partieopengl\partieopengl\main.cpp(28): warning C4244: '=' : conversion de 'int' en 'float', perte possible de données
     1>c:\users\csorano\documents\repos\partieopengl\partieopengl\main.cpp(40): warning C4244: 'return' : conversion de 'double' en 'float', perte possible de données
     1>c:\users\csorano\documents\repos\partieopengl\partieopengl\main.cpp(51): warning C4244: 'argument' : conversion de 'int' en 'float', perte possible de données
     1>c:\users\csorano\documents\repos\partieopengl\partieopengl\main.cpp(52): warning C4244: 'argument' : conversion de 'int' en 'float', perte possible de données
         Graph.cpp
     1>c:\users\csorano\documents\repos\partieopengl\partieopengl\graph.cpp(47): warning C4065: l'instruction switch contient 'default' mais aucune étiquette 'case'
         Génération de code en cours...
       Link:
         C:\Program Files (x86)\Microsoft Visual Studio 12.0\VC\bin\link.exe /ERRORREPORT:PROMPT /OUT:"C:\Users\csorano\Documents\Repos\PartieOpenGL\Debug\PartieOpenGL.exe" /INCREMENTAL /NOLOGO kernel32.lib user32.lib gdi32.lib winspool.lib comdlg32.lib advapi32.lib shell32.lib ole32.lib oleaut32.lib uuid.lib odbc32.lib odbccp32.lib /MANIFEST /MANIFESTUAC:"level='asInvoker' uiAccess='false'" /manifest:embed /DEBUG /PDB:"C:\Users\csorano\Documents\Repos\PartieOpenGL\Debug\PartieOpenGL.pdb" /SUBSYSTEM:CONSOLE /TLBID:1 /DYNAMICBASE /NXCOMPAT /IMPLIB:"C:\Users\csorano\Documents\Repos\PartieOpenGL\Debug\PartieOpenGL.lib" /MACHINE:X86 Debug\Graph.obj
         Debug\main.obj
         glut32.lib
         PartieOpenGL.vcxproj -> C:\Users\csorano\Documents\Repos\PartieOpenGL\Debug\PartieOpenGL.exe
     1>Génération du projet "C:\Users\csorano\Documents\Repos\PartieOpenGL\PartieOpenGL\PartieOpenGL.vcxproj" terminée (Rebuild cible(s)).

La génération a réussi.

Temps écoulé 00:00:00.73
